<?xml version="1.0" encoding="UTF-8"?>
<!-- Generated by org.testng.reporters.JUnitReportReporter -->
<testsuite hostname="dv-lt-n-34206" failures="0" tests="1" name="com.delhivery.srishti" time="0.572" errors="0" timestamp="2022-01-06T23:53:37 IST" skipped="0">
  <testcase classname="com.delhivery.srishti" name="srish" time="0.572"/>
  <system-out/>
</testsuite> <!-- com.delhivery.srishti -->
