<?xml version="1.0" encoding="UTF-8"?>
<!-- Generated by org.testng.reporters.JUnitReportReporter -->
<testsuite hostname="dv-lt-n-34206" failures="0" tests="2" name="com.delhivery.AppTest" time="0.008" errors="0" timestamp="2022-01-06T23:53:37 IST" skipped="0">
  <testcase classname="com.delhivery.AppTest" name="testlogin1" time="0.008"/>
  <system-out/>
  <testcase classname="com.delhivery.AppTest" name="testlogin2" time="0.000"/>
  <system-out/>
</testsuite> <!-- com.delhivery.AppTest -->
